<?xml version="1.0" encoding="UTF-8"?>
<!-- Generated by org.testng.reporters.JUnitReportReporter -->
<testsuite hostname="hp1" failures="0" tests="2" name="com.crm.testcases.TC_SignUpTest_003" time="11.477" errors="0" timestamp="2022-10-09T15:03:31 IST" skipped="0">
  <testcase classname="com.crm.testcases.TC_SignUpTest_003" name="verifySignupPageTitleTest" time="6.096"/>
  <system-out/>
  <testcase classname="com.crm.testcases.TC_SignUpTest_003" name="verifysignUpTest" time="5.381"/>
  <system-out/>
</testsuite> <!-- com.crm.testcases.TC_SignUpTest_003 -->
