<?xml version="1.0" encoding="UTF-8"?>
<!-- Generated by org.testng.reporters.JUnitReportReporter -->
<testsuite hostname="hp1" failures="0" tests="2" name="com.crm.testcases.TC_LoginTest_001" time="22.657" errors="0" timestamp="2022-10-16T01:11:44 IST" skipped="0">
  <testcase classname="com.crm.testcases.TC_LoginTest_001" name="verifyLoginPagteTitle" time="13.558"/>
  <system-out/>
  <testcase classname="com.crm.testcases.TC_LoginTest_001" name="verifyLogin" time="9.099"/>
  <system-out/>
</testsuite> <!-- com.crm.testcases.TC_LoginTest_001 -->
