<?xml version="1.0" encoding="UTF-8"?>
<!-- Generated by org.testng.reporters.JUnitReportReporter -->
<testsuite hostname="hp1" failures="0" tests="3" name="com.crm.testcases.TC_ContactsPageTest_004" time="42.523" errors="0" timestamp="2022-10-09T01:49:13 IST" skipped="0">
  <testcase classname="com.crm.testcases.TC_ContactsPageTest_004" name="validateCreateNewContactTest" time="14.033"/>
  <system-out/>
  <testcase classname="com.crm.testcases.TC_ContactsPageTest_004" name="validateCreateNewContactTest" time="15.131"/>
  <system-out/>
  <testcase classname="com.crm.testcases.TC_ContactsPageTest_004" name="validateCreateNewContactTest" time="13.359"/>
  <system-out/>
</testsuite> <!-- com.crm.testcases.TC_ContactsPageTest_004 -->
