<?xml version="1.0" encoding="UTF-8"?>
<!-- Generated by org.testng.reporters.JUnitReportReporter -->
<testsuite hostname="hp1" failures="0" tests="2" name="com.crm.testcases.TC_SignUpTest_003" time="12.860" errors="0" timestamp="2022-10-06T01:17:35 IST" skipped="0">
  <testcase classname="com.crm.testcases.TC_SignUpTest_003" name="verifySignupPageTitleTest" time="6.650"/>
  <system-out/>
  <testcase classname="com.crm.testcases.TC_SignUpTest_003" name="verifysignUpTest" time="6.210"/>
  <system-out/>
</testsuite> <!-- com.crm.testcases.TC_SignUpTest_003 -->
