<?xml version="1.0" encoding="UTF-8"?>
<!-- Generated by org.testng.reporters.JUnitReportReporter -->
<testsuite hostname="hp1" failures="0" tests="7" name="com.crm.testcases.TC_ContactsPageTest_004" time="46.407" errors="0" timestamp="2022-12-19T18:37:24 IST" skipped="0">
  <testcase classname="com.crm.testcases.TC_ContactsPageTest_004" name="NavigateToContactPage" time="10.864"/>
  <system-out/>
  <testcase classname="com.crm.testcases.TC_ContactsPageTest_004" name="validateCreateNewContactTest" time="10.525"/>
  <system-out/>
  <testcase classname="com.crm.testcases.TC_ContactsPageTest_004" name="validateCreateNewContactTest" time="10.316"/>
  <system-out/>
  <testcase classname="com.crm.testcases.TC_ContactsPageTest_004" name="validateCreateNewContactTest" time="11.016"/>
  <system-out/>
  <testcase classname="com.crm.testcases.TC_ContactsPageTest_004" name="validateAccessButton" time="3.419"/>
  <system-out/>
  <testcase classname="com.crm.testcases.TC_ContactsPageTest_004" name="validateAccessSearchBar" time="0.036"/>
  <system-out/>
  <testcase classname="com.crm.testcases.TC_ContactsPageTest_004" name="validateStatusDropdownList" time="0.231"/>
  <system-out/>
</testsuite> <!-- com.crm.testcases.TC_ContactsPageTest_004 -->
