<?xml version="1.0" encoding="UTF-8"?>
<!-- Generated by org.testng.reporters.JUnitReportReporter -->
<testsuite hostname="hp1" failures="0" tests="3" name="com.crm.testcases.TC_ContactsPageTest_004" time="31.234" errors="0" timestamp="2022-10-06T01:17:35 IST" skipped="0">
  <testcase classname="com.crm.testcases.TC_ContactsPageTest_004" name="validateCreateNewContactTest" time="10.865"/>
  <system-out/>
  <testcase classname="com.crm.testcases.TC_ContactsPageTest_004" name="validateCreateNewContactTest" time="10.102"/>
  <system-out/>
  <testcase classname="com.crm.testcases.TC_ContactsPageTest_004" name="validateCreateNewContactTest" time="10.267"/>
  <system-out/>
</testsuite> <!-- com.crm.testcases.TC_ContactsPageTest_004 -->
