<?xml version="1.0" encoding="UTF-8"?>
<!-- Generated by org.testng.reporters.JUnitReportReporter -->
<testsuite hostname="hp1" failures="0" tests="2" name="com.crm.testcases.TC_IndexPageTest_002" time="2.028" errors="0" timestamp="2022-10-06T01:17:35 IST" skipped="0">
  <testcase classname="com.crm.testcases.TC_IndexPageTest_002" name="verifyLogo" time="1.993"/>
  <system-out/>
  <testcase classname="com.crm.testcases.TC_IndexPageTest_002" name="verifyTitle" time="0.035"/>
  <system-out/>
</testsuite> <!-- com.crm.testcases.TC_IndexPageTest_002 -->
