<?xml version="1.0" encoding="UTF-8"?>
<!-- Generated by org.testng.reporters.JUnitReportReporter -->
<testsuite hostname="hp1" failures="0" tests="3" name="com.crm.testcases.TC_ContactsPageTest_004" time="32.115" errors="0" timestamp="2022-10-09T15:03:31 IST" skipped="0">
  <testcase classname="com.crm.testcases.TC_ContactsPageTest_004" name="validateCreateNewContactTest" time="11.252"/>
  <system-out/>
  <testcase classname="com.crm.testcases.TC_ContactsPageTest_004" name="validateCreateNewContactTest" time="10.786"/>
  <system-out/>
  <testcase classname="com.crm.testcases.TC_ContactsPageTest_004" name="validateCreateNewContactTest" time="10.077"/>
  <system-out/>
</testsuite> <!-- com.crm.testcases.TC_ContactsPageTest_004 -->
