<?xml version="1.0" encoding="UTF-8"?>
<!-- Generated by org.testng.reporters.JUnitReportReporter -->
<testsuite hostname="hp1" failures="0" tests="1" name="ComplexTestScenarios.AccessHiddenElements" time="32.502" errors="0" timestamp="2022-10-16T01:22:02 IST" skipped="0">
  <testcase classname="ComplexTestScenarios.AccessHiddenElements" name="Test" time="32.502"/>
  <system-out/>
</testsuite> <!-- ComplexTestScenarios.AccessHiddenElements -->
