<?xml version="1.0" encoding="UTF-8"?>
<!-- Generated by org.testng.reporters.JUnitReportReporter -->
<testsuite hostname="hp1" failures="0" tests="1" name="ComplexTestScenarios.AssertionDemo" time="0.028" errors="0" timestamp="2022-10-16T01:32:07 IST" skipped="0">
  <testcase classname="ComplexTestScenarios.AssertionDemo" name="f" time="0.028"/>
  <system-out/>
</testsuite> <!-- ComplexTestScenarios.AssertionDemo -->
