<?xml version="1.0" encoding="UTF-8"?>
<!-- Generated by org.testng.reporters.JUnitReportReporter -->
<testsuite hostname="hp1" failures="0" tests="1" name="ComplexTestScenarios.Alert1" time="28.567" errors="0" timestamp="2022-10-20T00:07:42 IST" skipped="0">
  <testcase classname="ComplexTestScenarios.Alert1" name="Test1" time="28.567"/>
  <system-out/>
</testsuite> <!-- ComplexTestScenarios.Alert1 -->
